<?xml version="1.0" encoding="UTF-8"?>
<testng-results ignored="0" total="2" passed="2" failed="0" skipped="0">
  <reporter-output>
  </reporter-output>
  <suite started-at="2025-08-04T23:41:49 IST" name="Command line suite" finished-at="2025-08-04T23:42:08 IST" duration-ms="18796">
    <groups>
      <group name="cucumber">
        <method signature="AbstractTestNGCucumberTests.runScenario(io.cucumber.testng.PickleWrapper,io.cucumber.testng.FeatureWrapper)[pri:0, instance:com.big.TestRunners.CucumberRunner@44e3760b]" name="runScenario" class="io.cucumber.testng.AbstractTestNGCucumberTests"/>
      </group> <!-- cucumber -->
    </groups>
    <test started-at="2025-08-04T23:41:49 IST" name="Command line test" finished-at="2025-08-04T23:42:08 IST" duration-ms="18796">
      <class name="com.big.TestRunners.CucumberRunner">
        <test-method is-config="true" signature="setUpClass(org.testng.ITestContext)[pri:0, instance:com.big.TestRunners.CucumberRunner@44e3760b]" started-at="2025-08-04T23:41:49 IST" name="setUpClass" finished-at="2025-08-04T23:41:49 IST" duration-ms="351" status="PASS">
          <params>
            <param index="0">
              <value>
                <![CDATA[org.testng.TestRunner@270f7b4d]]>
              </value>
            </param>
          </params>
          <reporter-output>
          </reporter-output>
        </test-method> <!-- setUpClass -->
        <test-method signature="runScenario(io.cucumber.testng.PickleWrapper,io.cucumber.testng.FeatureWrapper)[pri:0, instance:com.big.TestRunners.CucumberRunner@44e3760b]" started-at="2025-08-04T23:41:49 IST" name="runScenario" description="Runs Cucumber Scenarios" data-provider="scenarios" finished-at="2025-08-04T23:41:58 IST" duration-ms="8123" status="PASS">
          <params>
            <param index="0">
              <value>
                <![CDATA["User navigates to Home tab"]]>
              </value>
            </param>
            <param index="1">
              <value>
                <![CDATA["This feature file allow user to Search CaseNumber"]]>
              </value>
            </param>
          </params>
          <reporter-output>
          </reporter-output>
        </test-method> <!-- runScenario -->
        <test-method signature="runScenario(io.cucumber.testng.PickleWrapper,io.cucumber.testng.FeatureWrapper)[pri:0, instance:com.big.TestRunners.CucumberRunner@44e3760b]" started-at="2025-08-04T23:41:58 IST" name="runScenario" description="Runs Cucumber Scenarios" data-provider="scenarios" finished-at="2025-08-04T23:42:08 IST" duration-ms="10245" status="PASS">
          <params>
            <param index="0">
              <value>
                <![CDATA["User navigates to Home Page"]]>
              </value>
            </param>
            <param index="1">
              <value>
                <![CDATA["This feature file allow user to login to application"]]>
              </value>
            </param>
          </params>
          <reporter-output>
          </reporter-output>
        </test-method> <!-- runScenario -->
        <test-method is-config="true" signature="tearDownClass()[pri:0, instance:com.big.TestRunners.CucumberRunner@44e3760b]" started-at="2025-08-04T23:42:08 IST" name="tearDownClass" finished-at="2025-08-04T23:42:08 IST" duration-ms="51" status="PASS">
          <reporter-output>
          </reporter-output>
        </test-method> <!-- tearDownClass -->
      </class> <!-- com.big.TestRunners.CucumberRunner -->
    </test> <!-- Command line test -->
  </suite> <!-- Command line suite -->
</testng-results>
