<?xml version="1.0" encoding="UTF-8"?>
<testng-results ignored="0" total="1" passed="1" failed="0" skipped="0">
  <reporter-output>
  </reporter-output>
  <suite started-at="2025-08-20T20:58:30 IST" name="Command line suite" finished-at="2025-08-20T20:59:25 IST" duration-ms="54183">
    <groups>
      <group name="cucumber">
        <method signature="AbstractTestNGCucumberTests.runScenario(io.cucumber.testng.PickleWrapper,io.cucumber.testng.FeatureWrapper)[pri:0, instance:com.big.TestRunners.CucumberRunner@665e9289]" name="runScenario" class="io.cucumber.testng.AbstractTestNGCucumberTests"/>
      </group> <!-- cucumber -->
    </groups>
    <test started-at="2025-08-20T20:58:30 IST" name="Command line test" finished-at="2025-08-20T20:59:25 IST" duration-ms="54183">
      <class name="com.big.TestRunners.CucumberRunner">
        <test-method is-config="true" signature="setUpClass(org.testng.ITestContext)[pri:0, instance:com.big.TestRunners.CucumberRunner@665e9289]" started-at="2025-08-20T20:58:30 IST" name="setUpClass" finished-at="2025-08-20T20:58:31 IST" duration-ms="536" status="PASS">
          <params>
            <param index="0">
              <value>
                <![CDATA[org.testng.TestRunner@1df32c09]]>
              </value>
            </param>
          </params>
          <reporter-output>
          </reporter-output>
        </test-method> <!-- setUpClass -->
        <test-method signature="runScenario(io.cucumber.testng.PickleWrapper,io.cucumber.testng.FeatureWrapper)[pri:0, instance:com.big.TestRunners.CucumberRunner@665e9289]" started-at="2025-08-20T20:58:31 IST" name="runScenario" description="Runs Cucumber Scenarios" data-provider="scenarios" finished-at="2025-08-20T20:59:24 IST" duration-ms="53454" status="PASS">
          <params>
            <param index="0">
              <value>
                <![CDATA["User navigates to Authorization/Refusal section and clicked on Send Authorization Email"]]>
              </value>
            </param>
            <param index="1">
              <value>
                <![CDATA["User navigates to Authorization/Refusal page"]]>
              </value>
            </param>
          </params>
          <reporter-output>
          </reporter-output>
        </test-method> <!-- runScenario -->
        <test-method is-config="true" signature="tearDownClass()[pri:0, instance:com.big.TestRunners.CucumberRunner@665e9289]" started-at="2025-08-20T20:59:24 IST" name="tearDownClass" finished-at="2025-08-20T20:59:25 IST" duration-ms="151" status="PASS">
          <reporter-output>
          </reporter-output>
        </test-method> <!-- tearDownClass -->
      </class> <!-- com.big.TestRunners.CucumberRunner -->
    </test> <!-- Command line test -->
  </suite> <!-- Command line suite -->
</testng-results>
