<?xml version="1.0" encoding="UTF-8"?>
<!-- Generated by org.testng.reporters.JUnitReportReporter -->
<testsuite hostname="DESKTOP-2HH4QJ8" failures="0" tests="2" name="com.big.TestRunners.CucumberRunner" time="18.368" errors="0" timestamp="2025-08-04T23:42:08 IST" skipped="0">
  <testcase classname="com.big.TestRunners.CucumberRunner" name="runScenario" time="8.123"/>
  <system-out/>
  <testcase classname="com.big.TestRunners.CucumberRunner" name="runScenario" time="10.245"/>
  <system-out/>
</testsuite> <!-- com.big.TestRunners.CucumberRunner -->
